{"F:\\WAMP\\www\\NODE-JS\\CoderHouse\\proycetoFinal\\MarketAPI\\e2e\\src\\helpers\\axios.js": {"path":"F:\\WAMP\\www\\NODE-JS\\CoderHouse\\proycetoFinal\\MarketAPI\\e2e\\src\\helpers\\axios.js","statementMap":{"0":{"start":{"line":3,"column":16},"end":{"line":3,"column":39}},"1":{"start":{"line":6,"column":2},"end":{"line":13,"column":3}},"2":{"start":{"line":7,"column":19},"end":{"line":7,"column":61}},"3":{"start":{"line":8,"column":21},"end":{"line":8,"column":65}},"4":{"start":{"line":10,"column":4},"end":{"line":10,"column":15}},"5":{"start":{"line":12,"column":4},"end":{"line":12,"column":14}},"6":{"start":{"line":17,"column":2},"end":{"line":27,"column":3}},"7":{"start":{"line":18,"column":16},"end":{"line":18,"column":35}},"8":{"start":{"line":19,"column":21},"end":{"line":19,"column":25}},"9":{"start":{"line":21,"column":19},"end":{"line":21,"column":61}},"10":{"start":{"line":22,"column":21},"end":{"line":22,"column":60}},"11":{"start":{"line":24,"column":4},"end":{"line":24,"column":15}},"12":{"start":{"line":26,"column":4},"end":{"line":26,"column":14}}},"fnMap":{"0":{"name":"requestGet","decl":{"start":{"line":5,"column":22},"end":{"line":5,"column":32}},"loc":{"start":{"line":5,"column":65},"end":{"line":14,"column":1}},"line":5},"1":{"name":"requestPost","decl":{"start":{"line":16,"column":22},"end":{"line":16,"column":33}},"loc":{"start":{"line":16,"column":64},"end":{"line":28,"column":1}},"line":16}},"branchMap":{"0":{"loc":{"start":{"line":5,"column":40},"end":{"line":5,"column":51}},"type":"default-arg","locations":[{"start":{"line":5,"column":49},"end":{"line":5,"column":51}}],"line":5},"1":{"loc":{"start":{"line":5,"column":53},"end":{"line":5,"column":63}},"type":"default-arg","locations":[{"start":{"line":5,"column":61},"end":{"line":5,"column":63}}],"line":5},"2":{"loc":{"start":{"line":16,"column":41},"end":{"line":16,"column":50}},"type":"default-arg","locations":[{"start":{"line":16,"column":48},"end":{"line":16,"column":50}}],"line":16},"3":{"loc":{"start":{"line":16,"column":52},"end":{"line":16,"column":62}},"type":"default-arg","locations":[{"start":{"line":16,"column":60},"end":{"line":16,"column":62}}],"line":16}},"s":{"0":4,"1":12,"2":12,"3":12,"4":6,"5":6,"6":25,"7":25,"8":25,"9":25,"10":25,"11":12,"12":13},"f":{"0":12,"1":25},"b":{"0":[4],"1":[5],"2":[0],"3":[13]},"_coverageSchema":"1a1c01bbd47fc00a2c39e90264f33305004495a9","hash":"b607f5be1177b1b38f59abde408cc3361c2255c7"}
,"F:\\WAMP\\www\\NODE-JS\\CoderHouse\\proycetoFinal\\MarketAPI\\src\\config\\config.js": {"path":"F:\\WAMP\\www\\NODE-JS\\CoderHouse\\proycetoFinal\\MarketAPI\\src\\config\\config.js","statementMap":{"0":{"start":{"line":2,"column":0},"end":{"line":2,"column":15}},"1":{"start":{"line":4,"column":12},"end":{"line":4,"column":42}},"2":{"start":{"line":6,"column":17},"end":{"line":6,"column":42}},"3":{"start":{"line":8,"column":0},"end":{"line":10,"column":1}},"4":{"start":{"line":9,"column":2},"end":{"line":9,"column":42}},"5":{"start":{"line":12,"column":15},"end":{"line":31,"column":1}}},"fnMap":{},"branchMap":{"0":{"loc":{"start":{"line":4,"column":12},"end":{"line":4,"column":42}},"type":"binary-expr","locations":[{"start":{"line":4,"column":12},"end":{"line":4,"column":32}},{"start":{"line":4,"column":36},"end":{"line":4,"column":42}}],"line":4},"1":{"loc":{"start":{"line":8,"column":0},"end":{"line":10,"column":1}},"type":"if","locations":[{"start":{"line":8,"column":0},"end":{"line":10,"column":1}},{"start":{},"end":{}}],"line":8},"2":{"loc":{"start":{"line":14,"column":8},"end":{"line":14,"column":32}},"type":"binary-expr","locations":[{"start":{"line":14,"column":8},"end":{"line":14,"column":24}},{"start":{"line":14,"column":28},"end":{"line":14,"column":32}}],"line":14}},"s":{"0":3,"1":3,"2":3,"3":3,"4":3,"5":3},"f":{},"b":{"0":[3,0],"1":[3,0],"2":[3,0]},"_coverageSchema":"1a1c01bbd47fc00a2c39e90264f33305004495a9","hash":"be738b5f0b8fae198cf301d75a293e4921dc764a"}
,"F:\\WAMP\\www\\NODE-JS\\CoderHouse\\proycetoFinal\\MarketAPI\\src\\db\\db.config.js": {"path":"F:\\WAMP\\www\\NODE-JS\\CoderHouse\\proycetoFinal\\MarketAPI\\src\\db\\db.config.js","statementMap":{"0":{"start":{"line":3,"column":23},"end":{"line":7,"column":1}}},"fnMap":{},"branchMap":{},"s":{"0":3},"f":{},"b":{},"_coverageSchema":"1a1c01bbd47fc00a2c39e90264f33305004495a9","hash":"cbdc635accc1699c0026348e37036f3524e266ed"}
,"F:\\WAMP\\www\\NODE-JS\\CoderHouse\\proycetoFinal\\MarketAPI\\src\\db\\Mongo\\connection.js": {"path":"F:\\WAMP\\www\\NODE-JS\\CoderHouse\\proycetoFinal\\MarketAPI\\src\\db\\Mongo\\connection.js","statementMap":{"0":{"start":{"line":4,"column":19},"end":{"line":10,"column":1}},"1":{"start":{"line":5,"column":2},"end":{"line":9,"column":3}},"2":{"start":{"line":6,"column":4},"end":{"line":6,"column":65}},"3":{"start":{"line":8,"column":4},"end":{"line":8,"column":19}},"4":{"start":{"line":12,"column":19},"end":{"line":18,"column":1}},"5":{"start":{"line":13,"column":2},"end":{"line":17,"column":3}},"6":{"start":{"line":14,"column":4},"end":{"line":14,"column":37}},"7":{"start":{"line":16,"column":4},"end":{"line":16,"column":19}}},"fnMap":{"0":{"name":"(anonymous_0)","decl":{"start":{"line":4,"column":19},"end":{"line":4,"column":20}},"loc":{"start":{"line":4,"column":31},"end":{"line":10,"column":1}},"line":4},"1":{"name":"(anonymous_1)","decl":{"start":{"line":12,"column":19},"end":{"line":12,"column":20}},"loc":{"start":{"line":12,"column":31},"end":{"line":18,"column":1}},"line":12}},"branchMap":{},"s":{"0":3,"1":9,"2":9,"3":0,"4":3,"5":3,"6":3,"7":0},"f":{"0":9,"1":3},"b":{},"_coverageSchema":"1a1c01bbd47fc00a2c39e90264f33305004495a9","hash":"9efbcaafea3a3ce598971f35bfe8a75a517bd12a"}
,"F:\\WAMP\\www\\NODE-JS\\CoderHouse\\proycetoFinal\\MarketAPI\\src\\db\\Mongo\\models\\cart.model.js": {"path":"F:\\WAMP\\www\\NODE-JS\\CoderHouse\\proycetoFinal\\MarketAPI\\src\\db\\Mongo\\models\\cart.model.js","statementMap":{"0":{"start":{"line":3,"column":19},"end":{"line":18,"column":2}},"1":{"start":{"line":11,"column":6},"end":{"line":11,"column":20}},"2":{"start":{"line":12,"column":6},"end":{"line":12,"column":26}},"3":{"start":{"line":20,"column":13},"end":{"line":20,"column":47}}},"fnMap":{"0":{"name":"(anonymous_0)","decl":{"start":{"line":10,"column":4},"end":{"line":10,"column":5}},"loc":{"start":{"line":10,"column":25},"end":{"line":13,"column":5}},"line":10}},"branchMap":{},"s":{"0":1,"1":0,"2":0,"3":1},"f":{"0":0},"b":{},"_coverageSchema":"1a1c01bbd47fc00a2c39e90264f33305004495a9","hash":"65c77e97ab59b890c8799a18c6e371327137f347"}
,"F:\\WAMP\\www\\NODE-JS\\CoderHouse\\proycetoFinal\\MarketAPI\\src\\db\\Mongo\\models\\product.model.js": {"path":"F:\\WAMP\\www\\NODE-JS\\CoderHouse\\proycetoFinal\\MarketAPI\\src\\db\\Mongo\\models\\product.model.js","statementMap":{"0":{"start":{"line":3,"column":22},"end":{"line":23,"column":2}},"1":{"start":{"line":16,"column":6},"end":{"line":16,"column":20}},"2":{"start":{"line":17,"column":6},"end":{"line":17,"column":26}},"3":{"start":{"line":25,"column":16},"end":{"line":25,"column":56}}},"fnMap":{"0":{"name":"(anonymous_0)","decl":{"start":{"line":15,"column":4},"end":{"line":15,"column":5}},"loc":{"start":{"line":15,"column":25},"end":{"line":18,"column":5}},"line":15}},"branchMap":{},"s":{"0":1,"1":0,"2":0,"3":1},"f":{"0":0},"b":{},"_coverageSchema":"1a1c01bbd47fc00a2c39e90264f33305004495a9","hash":"e67a1ede97debbc9f0ca953d8f0faab9621f4bf7"}
,"F:\\WAMP\\www\\NODE-JS\\CoderHouse\\proycetoFinal\\MarketAPI\\src\\db\\Mongo\\models\\user.model.js": {"path":"F:\\WAMP\\www\\NODE-JS\\CoderHouse\\proycetoFinal\\MarketAPI\\src\\db\\Mongo\\models\\user.model.js","statementMap":{"0":{"start":{"line":3,"column":19},"end":{"line":26,"column":1}},"1":{"start":{"line":16,"column":6},"end":{"line":16,"column":20}},"2":{"start":{"line":17,"column":6},"end":{"line":17,"column":26}},"3":{"start":{"line":18,"column":6},"end":{"line":18,"column":25}},"4":{"start":{"line":19,"column":6},"end":{"line":19,"column":21}},"5":{"start":{"line":28,"column":13},"end":{"line":28,"column":47}}},"fnMap":{"0":{"name":"(anonymous_0)","decl":{"start":{"line":15,"column":4},"end":{"line":15,"column":5}},"loc":{"start":{"line":15,"column":25},"end":{"line":20,"column":5}},"line":15}},"branchMap":{},"s":{"0":1,"1":0,"2":0,"3":0,"4":0,"5":1},"f":{"0":0},"b":{},"_coverageSchema":"1a1c01bbd47fc00a2c39e90264f33305004495a9","hash":"381cc3f78f711b09f2c8ad500dd90a45f4e5f9d0"}
}
