TN:
SF:e2e\src\helpers\axios.js
FN:5,requestGet
FN:16,requestPost
FNF:2
FNH:2
FNDA:12,requestGet
FNDA:25,requestPost
DA:3,4
DA:6,12
DA:7,12
DA:8,12
DA:10,6
DA:12,6
DA:17,25
DA:18,25
DA:19,25
DA:21,25
DA:22,25
DA:24,12
DA:26,13
LF:13
LH:13
BRDA:5,0,0,4
BRDA:5,1,0,5
BRDA:16,2,0,0
BRDA:16,3,0,13
BRF:4
BRH:3
end_of_record
TN:
SF:src\config\config.js
FNF:0
FNH:0
DA:2,3
DA:4,3
DA:6,3
DA:8,3
DA:9,3
DA:12,3
LF:6
LH:6
BRDA:4,0,0,3
BRDA:4,0,1,0
BRDA:8,1,0,3
BRDA:8,1,1,0
BRDA:14,2,0,3
BRDA:14,2,1,0
BRF:6
BRH:3
end_of_record
TN:
SF:src\db\db.config.js
FNF:0
FNH:0
DA:3,3
LF:1
LH:1
BRF:0
BRH:0
end_of_record
TN:
SF:src\db\Mongo\connection.js
FN:4,(anonymous_0)
FN:12,(anonymous_1)
FNF:2
FNH:2
FNDA:9,(anonymous_0)
FNDA:3,(anonymous_1)
DA:4,3
DA:5,9
DA:6,9
DA:8,0
DA:12,3
DA:13,3
DA:14,3
DA:16,0
LF:8
LH:6
BRF:0
BRH:0
end_of_record
TN:
SF:src\db\Mongo\models\cart.model.js
FN:10,(anonymous_0)
FNF:1
FNH:0
FNDA:0,(anonymous_0)
DA:3,1
DA:11,0
DA:12,0
DA:20,1
LF:4
LH:2
BRF:0
BRH:0
end_of_record
TN:
SF:src\db\Mongo\models\product.model.js
FN:15,(anonymous_0)
FNF:1
FNH:0
FNDA:0,(anonymous_0)
DA:3,1
DA:16,0
DA:17,0
DA:25,1
LF:4
LH:2
BRF:0
BRH:0
end_of_record
TN:
SF:src\db\Mongo\models\user.model.js
FN:15,(anonymous_0)
FNF:1
FNH:0
FNDA:0,(anonymous_0)
DA:3,1
DA:16,0
DA:17,0
DA:18,0
DA:19,0
DA:28,1
LF:6
LH:2
BRF:0
BRH:0
end_of_record
